<?xml version="1.0" encoding="UTF-8"?>
<testsuite name="pl.oki.frostalert.shared.core.FrostCoreTest" tests="4" skipped="0" failures="0" errors="0" timestamp="2026-05-21T21:29:36.581Z" hostname="runnervmg397c" time="0.017">
  <properties/>
  <testcase name="hasFrostRisk returns false for strong wind" classname="pl.oki.frostalert.shared.core.FrostCoreTest" time="0.014"/>
  <testcase name="calculateRiskLevel returns full score for high risk frost" classname="pl.oki.frostalert.shared.core.FrostCoreTest" time="0.0"/>
  <testcase name="calculateDewPoint falls back to temp on invalid humidity" classname="pl.oki.frostalert.shared.core.FrostCoreTest" time="0.001"/>
  <testcase name="probability level mapping is stable" classname="pl.oki.frostalert.shared.core.FrostCoreTest" time="0.001"/>
  <system-out><![CDATA[]]></system-out>
  <system-err><![CDATA[]]></system-err>
</testsuite>
